<?xml version="1.0" encoding="utf-8" standalone="no"?>
<!--This file represents the results of running a test suite-->
<test-results name="TestSuite" total="1" errors="0" failures="0" not-run="0" inconclusive="0" ignored="0" skipped="0" invalid="0" date="2015-02-19" time="11:23:34">
  <environment nunit-version="2.6.3.13283" clr-version="4.0.30319.34014" os-version="Microsoft Windows NT 6.2.9200.0" platform="Win32NT" cwd="D:\Projects\Visual Studio\AutomationFramework\SeShellTest\bin\debug" machine-name="RUZAIKR" user="RuzaikR" user-domain="SERANET" />
  <culture-info current-culture="en-US" current-uiculture="en-GB" />
  <test-suite type="TestSuite" name="TestSuite" executed="True" result="Success" success="True" time="60.234" asserts="0">
    <results>
      <test-suite type="TestFixture" name="FBLoginTest" executed="True" result="Success" success="True" time="60.205" asserts="0">
        <results>
          <test-case name="SeShell.Test.TestCases.FBLoginTest.FBLoginSuccessful" executed="True" result="Success" success="True" time="60.196" asserts="1">
            <categories>
              <category name="Smoke" />
            </categories>
          </test-case>
        </results>
      </test-suite>
    </results>
  </test-suite>
</test-results>